[2017-12-18T15:46:01.118] [DEBUG] cheese - Logger已经开启！
[2017-12-18T15:52:33.336] [DEBUG] cheese - Logger已经开启！
[2017-12-18T15:52:46.325] [INFO] cheese - GET ::1 / - 11ms
[2017-12-18T15:52:46.429] [INFO] cheese - GET ::1 /favicon.ico - 1ms
[2017-12-18T15:55:58.621] [DEBUG] cheese - Logger已经开启！
[2017-12-18T15:56:27.740] [DEBUG] cheese - Logger已经开启！
[2017-12-18T15:56:31.366] [DEBUG] cheese - Logger已经开启！
[2017-12-18T15:56:52.230] [DEBUG] cheese - Logger已经开启！
[2017-12-18T15:57:33.921] [DEBUG] cheese - Logger已经开启！
[2017-12-18T15:58:04.837] [DEBUG] cheese - Logger已经开启！
[2017-12-18T15:58:36.803] [DEBUG] cheese - Logger已经开启！
[2017-12-18T15:58:54.253] [DEBUG] cheese - Logger已经开启！
[2017-12-18T15:59:07.902] [DEBUG] cheese - Logger已经开启！
[2017-12-18T15:59:25.450] [DEBUG] cheese - Logger已经开启！
[2017-12-18T15:59:31.928] [DEBUG] cheese - Logger已经开启！
[2017-12-18T16:00:24.948] [DEBUG] cheese - Logger已经开启！
[2017-12-18T16:00:44.096] [INFO] cheese - GET ::1 / - 41ms
[2017-12-18T16:00:55.402] [DEBUG] cheese - Logger已经开启！
[2017-12-18T16:01:22.870] [DEBUG] cheese - Logger已经开启！
[2017-12-18T16:01:24.778] [INFO] cheese - GET ::1 / - 45ms
[2017-12-18T16:02:51.173] [DEBUG] cheese - Logger已经开启！
[2017-12-18T16:02:59.959] [DEBUG] cheese - Logger已经开启！
[2017-12-18T16:03:05.107] [DEBUG] cheese - Logger已经开启！
[2017-12-18T16:11:01.997] [DEBUG] cheese - Logger已经开启！
[2017-12-18T16:11:24.124] [DEBUG] cheese - Logger已经开启！
[2017-12-18T16:11:59.591] [DEBUG] cheese - Logger已经开启！
[2017-12-18T16:12:03.278] [DEBUG] cheese - Logger已经开启！
[2017-12-18T16:12:30.445] [DEBUG] cheese - Logger已经开启！
[2017-12-18T16:12:38.207] [DEBUG] cheese - Logger已经开启！
[2017-12-18T16:12:48.962] [INFO] cheese - GET ::1 /news/data/list - 22ms
[2017-12-18T16:13:06.842] [DEBUG] cheese - Logger已经开启！
[2017-12-18T16:13:24.230] [DEBUG] cheese - Logger已经开启！
[2017-12-18T16:13:45.947] [DEBUG] cheese - Logger已经开启！
[2017-12-18T16:13:52.549] [DEBUG] cheese - Logger已经开启！
[2017-12-18T16:14:05.501] [DEBUG] cheese - Logger已经开启！
[2017-12-18T16:14:09.150] [DEBUG] cheese - Logger已经开启！
[2017-12-18T16:14:10.991] [DEBUG] cheese - Logger已经开启！
[2017-12-18T16:14:20.440] [INFO] cheese - GET ::1 /webhook - 17ms
[2017-12-18T16:15:23.338] [DEBUG] cheese - Logger已经开启！
[2017-12-18T16:15:47.495] [DEBUG] cheese - Logger已经开启！
[2017-12-18T16:16:15.159] [DEBUG] cheese - Logger已经开启！
[2017-12-18T16:16:32.275] [DEBUG] cheese - Logger已经开启！
[2017-12-18T16:16:40.987] [DEBUG] cheese - Logger已经开启！
[2017-12-18T16:16:55.908] [DEBUG] cheese - Logger已经开启！
[2017-12-18T16:17:18.954] [DEBUG] cheese - Logger已经开启！
[2017-12-18T16:17:24.764] [DEBUG] cheese - Logger已经开启！
[2017-12-18T16:18:13.826] [DEBUG] cheese - Logger已经开启！
[2017-12-18T16:19:40.934] [DEBUG] cheese - Logger已经开启！
[2017-12-18T16:19:43.370] [DEBUG] cheese - Logger已经开启！
[2017-12-18T16:22:22.355] [DEBUG] cheese - Logger已经开启！
[2017-12-18T16:22:23.815] [DEBUG] cheese - Logger已经开启！
[2017-12-18T16:24:08.475] [DEBUG] cheese - Logger已经开启！
[2017-12-18T16:24:35.660] [DEBUG] cheese - Logger已经开启！
[2017-12-18T16:24:36.985] [INFO] cheese - GET ::1 / - 15ms
[2017-12-18T16:24:37.004] [INFO] cheese - GET ::1 /css/news.css - 2ms
[2017-12-18T16:24:55.328] [DEBUG] cheese - Logger已经开启！
[2017-12-18T16:25:58.394] [DEBUG] cheese - Logger已经开启！
[2017-12-18T16:26:18.432] [INFO] cheese - GET ::1 / - 21ms
[2017-12-18T16:26:18.445] [INFO] cheese - GET ::1 /css/news.css - 2ms
[2017-12-18T16:26:25.004] [INFO] cheese - GET ::1 / - 3ms
[2017-12-18T16:26:25.018] [INFO] cheese - GET ::1 /css/news.css - 1ms
[2017-12-18T16:27:23.210] [DEBUG] cheese - Logger已经开启！
[2017-12-18T16:29:38.090] [DEBUG] cheese - Logger已经开启！
[2017-12-18T16:29:42.117] [INFO] cheese - GET ::1 / - 19ms
[2017-12-18T16:29:42.140] [INFO] cheese - GET ::1 /css/news.css - 2ms
[2017-12-18T16:29:45.809] [INFO] cheese - GET ::1 /news/data/list - 19ms
[2017-12-18T16:30:10.176] [DEBUG] cheese - Logger已经开启！
[2017-12-18T16:30:27.816] [DEBUG] cheese - Logger已经开启！
[2017-12-18T16:30:30.889] [INFO] cheese - GET ::1 /news/data/list - 19ms
[2017-12-18T16:31:14.459] [DEBUG] cheese - Logger已经开启！
[2017-12-18T16:31:27.290] [DEBUG] cheese - Logger已经开启！
[2017-12-18T16:31:54.136] [DEBUG] cheese - Logger已经开启！
[2017-12-18T16:31:56.018] [INFO] cheese - GET ::1 / - 32ms
[2017-12-18T16:31:56.032] [INFO] cheese - GET ::1 /css/news.css - 2ms
[2017-12-18T16:32:18.152] [INFO] cheese - GET ::1 / - 37ms
[2017-12-18T16:32:18.164] [INFO] cheese - GET ::1 /css/news.css - 1ms
[2017-12-18T16:36:18.354] [INFO] cheese - GET ::1 / - 70ms
[2017-12-18T16:36:18.366] [INFO] cheese - GET ::1 /css/news.css - 1ms
[2017-12-18T16:36:46.412] [INFO] cheese - GET ::1 / - 794ms
[2017-12-18T16:36:46.424] [INFO] cheese - GET ::1 /css/news.css - 1ms
[2017-12-18T16:36:59.226] [INFO] cheese - GET ::1 / - 8ms
[2017-12-18T16:36:59.238] [INFO] cheese - GET ::1 /css/news.css - 0ms
[2017-12-18T16:37:18.038] [INFO] cheese - GET ::1 / - 107ms
[2017-12-18T16:37:18.047] [INFO] cheese - GET ::1 /css/news.css - 0ms
[2017-12-18T16:37:34.175] [INFO] cheese - GET ::1 / - 235ms
[2017-12-18T16:37:34.186] [INFO] cheese - GET ::1 /css/news.css - 0ms
[2017-12-18T16:37:48.462] [INFO] cheese - GET ::1 / - 283ms
[2017-12-18T16:37:48.475] [INFO] cheese - GET ::1 /css/news.css - 1ms
[2017-12-18T16:38:28.172] [INFO] cheese - GET ::1 / - 1297ms
[2017-12-18T16:38:28.192] [INFO] cheese - GET ::1 /css/news.css - 0ms
[2017-12-18T16:38:29.875] [INFO] cheese - GET ::1 / - 310ms
[2017-12-18T16:38:29.890] [INFO] cheese - GET ::1 /css/news.css - 1ms
[2017-12-18T16:38:43.755] [INFO] cheese - GET ::1 / - 19ms
[2017-12-18T16:38:43.765] [INFO] cheese - GET ::1 /css/news.css - 0ms
[2017-12-18T16:40:33.680] [DEBUG] cheese - Logger已经开启！
[2017-12-18T16:40:45.574] [DEBUG] cheese - Logger已经开启！
[2017-12-18T16:41:02.264] [DEBUG] cheese - Logger已经开启！
[2017-12-18T16:41:05.081] [DEBUG] cheese - Logger已经开启！
[2017-12-18T16:41:43.811] [DEBUG] cheese - Logger已经开启！
[2017-12-18T16:42:14.409] [DEBUG] cheese - Logger已经开启！
[2017-12-18T16:42:22.497] [DEBUG] cheese - Logger已经开启！
[2017-12-18T16:42:25.920] [DEBUG] cheese - Logger已经开启！
[2017-12-18T16:42:27.433] [DEBUG] cheese - Logger已经开启！
[2017-12-18T16:42:29.004] [INFO] cheese - GET ::1 /news/add - 12ms
[2017-12-18T16:42:29.016] [INFO] cheese - GET ::1 /news/css/news.css - 1ms
[2017-12-18T16:42:41.997] [INFO] cheese - GET ::1 /news/add - 5ms
[2017-12-18T16:42:42.023] [INFO] cheese - GET ::1 /css/news.css - 3ms
[2017-12-18T16:42:56.197] [DEBUG] cheese - Logger已经开启！
[2017-12-18T16:45:31.640] [INFO] cheese - GET ::1 /news/add - 28ms
[2017-12-18T16:45:31.653] [INFO] cheese - GET ::1 /css/news.css - 2ms
[2017-12-18T16:46:04.441] [INFO] cheese - GET ::1 /news/add - 2ms
[2017-12-18T16:46:04.454] [INFO] cheese - GET ::1 /css/news.css - 1ms
[2017-12-18T16:46:15.770] [INFO] cheese - GET ::1 /css/news.css - 0ms
[2017-12-18T16:46:16.895] [INFO] cheese - GET ::1 /news/add - 3ms
[2017-12-18T16:46:16.906] [INFO] cheese - GET ::1 /css/news.css - 0ms
[2017-12-18T16:46:30.420] [INFO] cheese - POST ::1 /news/data/add - 8ms
[2017-12-18T16:46:59.702] [DEBUG] cheese - Logger已经开启！
[2017-12-18T16:47:30.826] [DEBUG] cheese - Logger已经开启！
[2017-12-18T16:48:21.193] [DEBUG] cheese - Logger已经开启！
[2017-12-18T16:48:26.527] [DEBUG] cheese - Logger已经开启！
[2017-12-18T16:48:49.549] [DEBUG] cheese - Logger已经开启！
[2017-12-18T16:49:09.705] [DEBUG] cheese - Logger已经开启！
[2017-12-18T16:49:33.606] [DEBUG] cheese - Logger已经开启！
[2017-12-18T16:49:35.783] [INFO] cheese - GET ::1 /css/news.css - 8ms
[2017-12-18T16:49:36.733] [INFO] cheese - GET ::1 /news/add - 19ms
[2017-12-18T16:49:36.748] [INFO] cheese - GET ::1 /css/news.css - 0ms
[2017-12-18T16:49:42.093] [INFO] cheese - POST ::1 /news/data/add - 229ms
[2017-12-18T16:50:25.636] [DEBUG] cheese - Logger已经开启！
[2017-12-18T16:50:34.954] [DEBUG] cheese - Logger已经开启！
[2017-12-18T16:50:38.563] [INFO] cheese - GET ::1 /css/news.css - 13ms
[2017-12-18T16:50:39.301] [INFO] cheese - GET ::1 /news/add - 17ms
[2017-12-18T16:50:39.313] [INFO] cheese - GET ::1 /css/news.css - 1ms
[2017-12-18T16:50:43.605] [INFO] cheese - POST ::1 /news/data/add - 18ms
[2017-12-18T17:40:06.520] [DEBUG] cheese - Logger已经开启！
